               .deffile adi_defs.asm
               .deffile ddi_defs.asm
               .deffile reg_defs.asm
               .deffile sce_defs.asm
               
               ; Number of supported tasks
               .define TASK_COUNT      1
               
               ; Resource-specified definitions, if any
               ; (None)
               
               
               .segment begin "Framework"
               
               
               VectorTable:
0000 ---- 1408                         jsr         PowerUp
0001 ---- 040c                         jmp         TaskCtrlReqVector
0002 ---- 1408                         jsr         PowerUp
0003 ---- 042c                         jmp         AonRtcCh2Vector
0004 ---- 1408                         jsr         PowerUp
0005 ---- 0447                         jmp         Event0Vector
0006 ---- 1408                         jsr         PowerUp
0007 ---- 044d                         jmp         TaskAlertAckVector
               
               
               
               
               PowerUp:
                                       ; Deassert the power-down request
0008 ---- 4436                         iobclr      #0, [#IOP_WUC_PWRDWNREQ]
               
                                       ; Wait for it to take effect
0009 ---- 2437 /waitForPdAck:          iobtst      #0, [#IOP_WUC_PWRDWNACK]
000a ---- aefe                         biob1       /waitForPdAck
               
               FwEmptyFunc:            ; Done
000b ---- adb7                         rts
               
               
               
               
               TaskCtrlReqVector:
                                       ; Clear the vector flag
000c ---- 6442                         iobset      #0, [#IOP_EVCTL_VECFLAGSCLR]
               
                                       ; For each task ...
000d ---- 7000                         ld          R7, #0
               /loop:
                                           ; Save the task ID
000e ---- 7c6b                             st          R7, [#fwCtrlInt/taskId]
               
                                           ; Handle initialize request, if any
000f ---- 6871                             ld          R6, [#fwCtrlExt/bvTaskInitializeReq]
0010 ---- 0068                             ld          R0, #pFwTaskInitializeFuncTable
0011 ---- 1425                             jsr         /handleReq
               
                                           ; Handle execute request, if any
0012 ---- 6872                             ld          R6, [#fwCtrlExt/bvTaskExecuteReq]
0013 ---- 0069                             ld          R0, #pFwTaskExecuteFuncTable
0014 ---- 1425                             jsr         /handleReq
               
                                           ; Handle terminate request, if any
0015 ---- 6873                             ld          R6, [#fwCtrlExt/bvTaskTerminateReq]
0016 ---- 006a                             ld          R0, #pFwTaskTerminateFuncTable
0017 ---- 1425                             jsr         /handleReq
               
                                           ; Move on to the next task
0018 ---- 786b                             ld          R7, [#fwCtrlInt/taskId]
0019 ---- f801                             add         R7, #1
               
001a ---- fa01                         cmp         R7, #TASK_COUNT
001b ---- bef2                         bneq        /loop
               
                                       ; Update which tasks are ...
001c ---- 786f                         ld          R7, [#fwCtrlExt/bvActiveTasks]
                                       ; ... currently active ...
001d ---- 6871                         ld          R6, [#fwCtrlExt/bvTaskInitializeReq]
001e ---- fd0e                         or          R7, R6
                                       ; ... and inactive ...
001f ---- 6873                         ld          R6, [#fwCtrlExt/bvTaskTerminateReq]
0020 ---- ed92                         inv         R6
0021 ---- fd06                         and         R7, R6
0022 ---- 7c6f                         st          R7, [#fwCtrlExt/bvActiveTasks]
               
                                       ; We're READY for another request
0023 ---- 642d                         iobset      #IOB_EVCTL_SWEV_READY, [#IOP_EVCTL_SWEVSET]
               
                                       ; Generate an ALERT interrupt if needed before powering back down
0024 ---- 0450                         jmp         GenAlertInterrupt;
               
               /handleReq:
                                       ; Restore the task ID, and load the function pointer (here to avoid pipeline hazard)
0025 ---- 786b                         ld          R7, [#fwCtrlInt/taskId]
0026 ---- 8f1f                         ld          R0, [R7+R0]
               
                                       ; Skip this request?
0027 ---- ed8f                         lsr         R6, R7
0028 ---- ec01                         tst         R6, #0x0001
0029 ---- be01                         bnz         /noSkip
002a ---- adb7                             rts
               /noSkip:
                                       ; Make the call by jump, with return (rts) in the "called" function
002b ---- 8db7                         jmp         R0
               
               
               
               
               AonRtcCh2Vector:
                                       ; Start clearing the RTC event
002c ---- 6630                         iobset      #IOB_WUC_WUEV_RTC, [#IOP_WUC_WUEVCLR]
               
                                       ; Clear the vector flag
002d ---- 6542                         iobset      #1, [#IOP_EVCTL_VECFLAGSCLR]
               
                                       ; For each task (R0 is the current task ID) ...
002e ---- 0000                         ld          R0, #0
               /loop:
                                           ; ... that is active ...
002f ---- 186f                             ld          R1, [#fwCtrlExt/bvActiveTasks]
0030 ---- 9d88                             lsr         R1, R0
0031 ---- 9c01                             tst         R1, #0x0001
0032 ---- b60d                             bz          /skip
               
                                               ; Fetch number of RTC intervals until next execution
0033 ---- 1067                                 ld          R1, #pFwTaskExecuteScheduleTable
0034 ---- af19                                 ld          R2, [R1+R0]
               
                                               ; If not already 0, decrement and store. If then 0 ...
0035 ---- aa00                                 cmp         R2, #0
0036 ---- b609                                 beq         /skip
0037 ---- a8ff                                 add         R2, #-1
0038 ---- af39                                 st          R2, [R1+R0]
0039 ---- be06                                 bnz         /skip
               
                                                   ; ... execute the task
003a ---- 0c6b                                     st          R0, [#fwCtrlInt/taskId]
003b ---- 8869                                     add         R0, #pFwTaskExecuteFuncTable
003c ---- 8f08                                     ld          R0, [R0]
                                                   ; Insert NOP to avoid pipeline hazard
003d ---- fd47                                     nop
003e ---- 9db7                                     jsr         R0
003f ---- 086b                                     ld          R0, [#fwCtrlInt/taskId]
               /skip:
                                           ; Move on to the next task
0040 ---- 8801                             add         R0, #1
               
0041 ---- 8a01                         cmp         R0, #TASK_COUNT
0042 ---- beec                         bneq        /loop
               
                                       ; Wait for the ACK event to be cleared
0043 ---- 262f /waitOnRtcClearing:     iobtst      #IOB_WUC_WUEV_RTC, [#IOP_WUC_WUEVFLAGS]
0044 ---- aefe                         biob1       /waitOnRtcClearing
0045 ---- 4630                         iobclr      #IOB_WUC_WUEV_RTC, [#IOP_WUC_WUEVCLR]
               
                                       ; Generate an ALERT interrupt if needed
0046 ---- 0450                         jmp         GenAlertInterrupt;
               
               
               
               
               Event0Vector:
                                       ; Disable and clear the vector flag
0047 ---- 5527                         iobclr      #IOB_EVCTL_VECCFG1_VEC2_EN, [#IOP_EVCTL_VECCFG1]
0048 ---- 6642                         iobset      #2, [#IOP_EVCTL_VECFLAGSCLR]
               
                                       ; Set the task ID
0049 ---- 0000                         ld          R0, #0
004a ---- 0c6b                         st          R0, [#fwCtrlInt/taskId]
               
                                       ; Jump to the event task code
004b ---- 147a                         jsr         pir/event0
               
                                       ; Generate an ALERT interrupt if needed
004c ---- 0450                         jmp         GenAlertInterrupt;
               
               
               
               
               TaskAlertAckVector:
                                       ; Clear the vector flag
004d ---- 6742                         iobset      #3, [#IOP_EVCTL_VECFLAGSCLR]
               
                                       ; Re-enable generation of ALERT interrupts
004e ---- 03ff                         ld          R0, #-1
004f ---- 0c6d                         st          R0, [#fwCtrlInt/alertGenMask]
               
                                       ; Fall through to GenAlertInterrupt to generate another ALERT interrupt if needed
               
               
               
               
               GenAlertInterrupt:
                                       ; Do we have any ALERT-generating flags pending?
0050 ---- 786c                         ld          R7, [#fwCtrlInt/bvTaskIoAlert]
               
                                       ; Skip if the last I/O ALERT interrupt has not been acknowledged
0051 ---- 686d                         ld          R6, [#fwCtrlInt/alertGenMask]
0052 ---- ed37                         tst         R6, R7
0053 ---- b605                         bz          /skip
               
                                           ; Transfer I/O flags from internal to external
0054 ---- 0000                             ld          R0, #0
0055 ---- 0c6c                             st          R0, [#fwCtrlInt/bvTaskIoAlert]
0056 ---- 7c70                             st          R7, [#fwCtrlExt/bvTaskIoAlert]
               
                                           ; Generate the ALERT interrupt, and clear the generation mask
0057 ---- 652d                             iobset      #IOB_EVCTL_SWEV_ALERT, [#IOP_EVCTL_SWEVSET]
0058 ---- 0c6d                             st          R0, [#fwCtrlInt/alertGenMask]
               /skip:
                                       ; Fall through to PowerDown ...
               
               
               
               
               PowerDown:
                                       ; If there are no unacknowledged ALERTs and no vectors pending ...
0059 ---- 786d                         ld          R7, [#fwCtrlInt/alertGenMask]
005a ---- 686e                         ld          R6, [#fwCtrlInt/alertCanPdAuxMask]
005b ---- fd0e                         or          R7, R6
005c ---- f801                         add         R7, #1 ; 0xFFFF -> 0x0000
005d ---- e92b                         in          R6, [#IOP_EVCTL_VECFLAGS]
005e ---- fd0e                         or          R7, R6
005f ---- be01                         bnz         /noPowerDown
               
                                           ; Assert the power-down request. We'll make sure that it has taken effect
                                           ; or been completely ignored when waking up again
0060 ---- 6436                             iobset      #0, [#IOP_WUC_PWRDWNREQ]
               /noPowerDown:
                                       ; Sleep until the next event
0061 ---- bdb7 sleepInstr:             sleep
               
               
               
               
0062 ---- 241a AdiDdiAcquire:          iobtst      #0, [#IOP_SMPH_SMPH0]
0063 ---- a6fe                         biob0       AdiDdiAcquire
0064 ---- adb7                         rts
               
0065 ---- 641a AdiDdiRelease:          iobset      #0, [#IOP_SMPH_SMPH0]
0066 ---- adb7                         rts
               
               
               
               
               pFwTaskExecuteScheduleTable:
0067 ---- 0000                         dw          #0
               pFwTaskInitializeFuncTable:
0068 ---- 0076                         dw          #pir/initialize
               pFwTaskExecuteFuncTable:
0069 ---- 0079                         dw          #pir/execute
               pFwTaskTerminateFuncTable:
006a ---- 00a6                         dw          #pir/terminate
               
               
               ; Internal control data
               fwCtrlInt:
006b ---- 0000 /taskId:                dw          #0      ; ID of the currently running task
006c ---- 0000 /bvTaskIoAlert:         dw          #0x0000 ; LSB = Normal data exchange, MSB = Overflow or underflow
006d ---- ffff /alertGenMask:          dw          #0xFFFF ; Can generate an ALERT interrupt now? (0xFFFF = yes, 0x0000 = no)
006e ---- 0000 /alertCanPdAuxMask:     dw          #0x0000 ; Can power down AUX domain after ALERT interrupt generation? (0xFFFF = yes, 0x0000 = no)
               
               ; External control data, shared with the driver
               fwCtrlExt:
006f ---- 0000 /bvActiveTasks:         dw          #0x0000 ; Indicates which tasks are currently active
0070 ---- 0000 /bvTaskIoAlert:         dw          #0x0000 ; LSB = Normal data exchange, MSB = Overflow or underflow
0071 ---- 0000 /bvTaskInitializeReq:   dw          #0x0000 ; Requests tasks to start
0072 ---- 0000 /bvTaskExecuteReq:      dw          #0x0000 ; Requests tasks to execute once immediately
0073 ---- 0000 /bvTaskTerminateReq:    dw          #0x0000 ; Requests tasks to stop
               
               
               .segment end "Framework"
               
               
               fwTaskDataStructures:
               .segment begin "Task: PIR"
               pir/cfg:
               pir/input:
               pir/output:
               pir/output/canreset:
0074 ---- 0000                         dw          #0
               pir/output/counter:
0075 ---- 0000                         dw          #0
               pir/state:
               .segment end "Task: PIR"
               
               
               .segment begin "Task: PIR"
               pir/initialize:
               ;? //Setup the first interrupt trigger
               ;? evhSetupGpioTrigger(0, AUXIO_I_PIR_READ, 1, EVH_GPIO_TRIG_ON_MATCH);
0076 ---- 7034                         ld          R7, #((BV_EVCTL_VECCFG1_VEC2_EN | ((EVCTL_VECEVSEL_AUXIO0 + 7) << IOB_EVCTL_VECCFG1_VEC2_EV)) | ((1 == 0) << IOB_EVCTL_VECCFG1_VEC2_POL))
0077 ---- 14a9                         jsr         EvhSetupTrigger
               pir/initializeDone:
0078 ---- adb7                         rts         
               
               
               
               
               pir/execute:
               pir/executeDone:
0079 ---- adb7                         rts         
               
               
               
               
               pir/event0:
               ;? //Read and process sensor data
               ;? 
               ;? 
               ;? //Configure pin as input
               ;? gpioCfgMode(AUXIO_I_PIR_READ, GPIO_MODE_INPUT);
007a ---- 8910                         in          R0, [#(IOP_AIODIO0_IOMODE + (7 >> 3))]
007b 863f 80ff                         and         R0, #((~(0x0003 << (2 * (7 & 0x7)))) & 0xFFFF)
007d 8640 8200                         or          R0, #(1 << (2 * (7 & 0x7)))
007f ---- 8b10                         out         R0, [#(IOP_AIODIO0_IOMODE + (7 >> 3))]
               ;? gpioCfgMode(AUXIO_I_LED_INDICATOR, GPIO_MODE_OUTPUT);
0080 ---- 8910                         in          R0, [#(IOP_AIODIO0_IOMODE + (6 >> 3))]
0081 86cf 80ff                         and         R0, #((~(0x0003 << (2 * (6 & 0x7)))) & 0xFFFF)
0083 ---- 8200                         or          R0, #(0 << (2 * (6 & 0x7)))
0084 ---- 8b10                         out         R0, [#(IOP_AIODIO0_IOMODE + (6 >> 3))]
               ;? gpioCfgMode(AUXIO_I_LAUNCHPAD_LED, GPIO_MODE_OUTPUT);
0085 ---- 8911                         in          R0, [#(IOP_AIODIO0_IOMODE + (9 >> 3))]
0086 86ff 80f3                         and         R0, #((~(0x0003 << (2 * (9 & 0x7)))) & 0xFFFF)
0088 ---- 8200                         or          R0, #(0 << (2 * (9 & 0x7)))
0089 ---- 8b11                         out         R0, [#(IOP_AIODIO0_IOMODE + (9 >> 3))]
               ;? 
               ;? 
               ;? //enable buffer on sensor pin
               ;? gpioEnableInputBuf(AUXIO_I_PIR_READ);
008a ---- 7729                         iobset      #(7 & 0x7), [#(IOP_AIODIO0_GPIODIE + (7 >> 3))]
               ;? 
               ;? //At the rising edge
               ;? U16 signal;
               ;? 
               ;? 
               ;? gpioGetInputValue(AUXIO_I_PIR_READ; signal);
008b ---- 5007                         ld          R5, #7
008c ---- 14af                         jsr         gpioGetInputValue
               ;? if (signal == 1){
008d ---- fa01                         cmp         R7, #1
008e ---- be0a                         bneq        /id0043
               ;?     gpioSetOutput(AUXIO_I_LED_INDICATOR);
008f ---- 760e                             iobset      #(6 & 0x7), [#(IOP_AIODIO0_GPIODOUT + (6 >> 3))]
               ;?     gpioSetOutput(AUXIO_I_LAUNCHPAD_LED);
0090 ---- 650f                             iobset      #(9 & 0x7), [#(IOP_AIODIO0_GPIODOUT + (9 >> 3))]
               ;?     fwGenAlertInterrupt();
0091 ---- 086c                             ld          R0, [#fwCtrlInt/bvTaskIoAlert]
0092 ---- 8201                             or          R0, #(1 << 0)
0093 ---- 0c6c                             st          R0, [#fwCtrlInt/bvTaskIoAlert]
               ;?     output.canreset = 0; 
0094 ---- 0000                             ld          R0, #0
0095 ---- 0c74                             st          R0, [#pir/output/canreset]
               ;?     evhSetupGpioTrigger(0, AUXIO_I_PIR_READ, 0, EVH_GPIO_TRIG_ON_MATCH);
0096 ---- 7074                             ld          R7, #((BV_EVCTL_VECCFG1_VEC2_EN | ((EVCTL_VECEVSEL_AUXIO0 + 7) << IOB_EVCTL_VECCFG1_VEC2_EV)) | ((0 == 0) << IOB_EVCTL_VECCFG1_VEC2_POL))
0097 ---- 14a9                             jsr         EvhSetupTrigger
               ;? }else{
0098 ---- 04a5                         jmp         /id0045
               /id0043:
               ;?     output.counter += 1;
0099 ---- 0875                             ld          R0, [#pir/output/counter]
009a ---- 8801                             add         R0, #1
009b ---- 0c75                             st          R0, [#pir/output/counter]
               ;?     gpioClearOutput(AUXIO_I_LED_INDICATOR);
009c ---- 560e                             iobclr      #(6 & 0x7), [#(IOP_AIODIO0_GPIODOUT + (6 >> 3))]
               ;?     gpioClearOutput(AUXIO_I_LAUNCHPAD_LED);
009d ---- 450f                             iobclr      #(9 & 0x7), [#(IOP_AIODIO0_GPIODOUT + (9 >> 3))]
               ;?     fwGenAlertInterrupt();
009e ---- 086c                             ld          R0, [#fwCtrlInt/bvTaskIoAlert]
009f ---- 8201                             or          R0, #(1 << 0)
00a0 ---- 0c6c                             st          R0, [#fwCtrlInt/bvTaskIoAlert]
               ;?     output.canreset = 1;
00a1 ---- 0001                             ld          R0, #1
00a2 ---- 0c74                             st          R0, [#pir/output/canreset]
               ;?     evhSetupGpioTrigger(0, AUXIO_I_PIR_READ, 1, EVH_GPIO_TRIG_ON_MATCH);
00a3 ---- 7034                             ld          R7, #((BV_EVCTL_VECCFG1_VEC2_EN | ((EVCTL_VECEVSEL_AUXIO0 + 7) << IOB_EVCTL_VECCFG1_VEC2_EV)) | ((1 == 0) << IOB_EVCTL_VECCFG1_VEC2_POL))
00a4 ---- 14a9                             jsr         EvhSetupTrigger
               ;? }
               /id0045:
               pir/event0Done:
00a5 ---- adb7                         rts         
               
               
               
               
               pir/terminate:
               ;? // The currently enabled GPIO event trigger must be cancelled manually
               ;? evhCancelTrigger(0);
00a6 ---- 5527                         iobclr      #IOB_EVCTL_VECCFG1_VEC2_EN, [#IOP_EVCTL_VECCFG1]
00a7 ---- 6642                         iobset      #2, [#IOP_EVCTL_VECFLAGSCLR]
               pir/terminateDone:
00a8 ---- adb7                         rts         
               .segment end "Task: PIR"
               
               
               .segment begin "Procedure Libary"
               EvhSetupTrigger:
                                       ; Disable and clear the vector flag
00a9 ---- 5527                         iobclr      #IOB_EVCTL_VECCFG1_VEC2_EN, [#IOP_EVCTL_VECCFG1]
00aa ---- 6642                         iobset      #2, [#IOP_EVCTL_VECFLAGSCLR]
               
                                       ; Configure and enable the vector flag (+ fixed configuration for channel 3)
00ab 862b f200                         or          R7, #(BV_EVCTL_VECCFG1_VEC3_EN | (EVCTL_VECEVSEL_AON_SW << IOB_EVCTL_VECCFG1_VEC3_EV))
00ad ---- fb27                         out         R7, [#IOP_EVCTL_VECCFG1]
00ae ---- adb7                         rts
               
               
               
               
               ; PARAMETERS:
               ;     R5 = AUX I/O index
               ;
               ; CLOBBERS:
               ;     R6, R7
               gpioGetInputValue:
                                       ; Get GPIOs 15:8
00af ---- e913                         in          R6, [#IOP_AIODIO1_GPIODIN]
00b0 ---- eda0                         lsl         R6, #8
               
                                       ; Get GPIOs 7:0 and combine
00b1 ---- f912                         in          R7, [#IOP_AIODIO0_GPIODIN]
00b2 ---- fd0e                         or          R7, R6
               
                                       ; Move the desired GPIO pin value into bit 0 and mask
00b3 ---- fd8d                         lsr         R7, R5
00b4 ---- f001                         and         R7, #0x0001
00b5 ---- adb7                         rts
               .segment end "Procedure Libary"
               

; Generated by LAPTOP-MCPQP7PU at 2017-03-06 19:26:10.039
